<?xml version="1.0" encoding="UTF-8"?>
<testng-results skipped="0" failed="0" total="1" passed="1">
  <reporter-output>
  </reporter-output>
  <suite name="Default suite" duration-ms="165749" started-at="2017-08-04T15:53:59Z" finished-at="2017-08-04T15:56:45Z">
    <groups>
    </groups>
    <test name="Default test" duration-ms="165749" started-at="2017-08-04T15:53:59Z" finished-at="2017-08-04T15:56:45Z">
      <class name="testCases.VerifyLoginPageWithReports1">
        <test-method status="PASS" signature="setUp()[pri:0, instance:testCases.VerifyLoginPageWithReports1@59f99ea]" name="setUp" is-config="true" duration-ms="101448" started-at="2017-08-04T21:23:59Z" finished-at="2017-08-04T21:25:41Z">
          <reporter-output>
          </reporter-output>
        </test-method> <!-- setUp -->
        <test-method status="PASS" signature="testLoginPage()[pri:0, instance:testCases.VerifyLoginPageWithReports1@59f99ea]" name="testLoginPage" duration-ms="47215" started-at="2017-08-04T21:25:41Z" finished-at="2017-08-04T21:26:28Z">
          <reporter-output>
          </reporter-output>
        </test-method> <!-- testLoginPage -->
        <test-method status="PASS" signature="tearDown(org.testng.ITestResult)[pri:0, instance:testCases.VerifyLoginPageWithReports1@59f99ea]" name="tearDown" is-config="true" duration-ms="17068" started-at="2017-08-04T21:26:28Z" finished-at="2017-08-04T21:26:45Z">
          <params>
            <param index="0">
              <value>
                <![CDATA[[TestResult name=testLoginPage status=SUCCESS method=VerifyLoginPageWithReports1.testLoginPage()[pri:0, instance:testCases.VerifyLoginPageWithReports1@59f99ea] output={null}]]]>
              </value>
            </param>
          </params>
          <reporter-output>
          </reporter-output>
        </test-method> <!-- tearDown -->
      </class> <!-- testCases.VerifyLoginPageWithReports1 -->
    </test> <!-- Default test -->
  </suite> <!-- Default suite -->
</testng-results>
